#
# There is insufficient memory for the Java Runtime Environment to continue.
# Native memory allocation (malloc) failed to allocate 1535376 bytes. Error detail: Chunk::new
# Possible reasons:
#   The system is out of physical RAM or swap space
#   This process is running with CompressedOops enabled, and the Java Heap may be blocking the growth of the native heap
# Possible solutions:
#   Reduce memory load on the system
#   Increase physical memory or swap space
#   Check if swap backing store is full
#   Decrease Java heap size (-Xmx/-Xms)
#   Decrease number of Java threads
#   Decrease Java thread stack sizes (-Xss)
#   Set larger code cache with -XX:ReservedCodeCacheSize=
#   JVM is running with Zero Based Compressed Oops mode in which the Java heap is
#     placed in the first 32GB address space. The Java Heap base address is the
#     maximum limit for the native heap growth. Please use -XX:HeapBaseMinAddress
#     to set the Java Heap base and to place the Java Heap above 32GB virtual address.
# This output file may be truncated or incomplete.
#
#  Out of Memory Error (arena.cpp:168), pid=44020, tid=7960
#
# JRE version: OpenJDK Runtime Environment (21.0.7) (build 21.0.7+-13880790-b1038.58)
# Java VM: OpenJDK 64-Bit Server VM (21.0.7+-13880790-b1038.58, mixed mode, tiered, compressed oops, compressed class ptrs, g1 gc, windows-amd64)
# No core dump will be written. Minidumps are not enabled by default on client versions of Windows
#

---------------  S U M M A R Y ------------

Command Line: org.jetbrains.kotlin.cli.jvm.K2JVMCompiler @D:\Flutter_projects\surveyor-main\build\share_plus\20251225_52101196154504581.compiler.options

Host: AMD Ryzen 7 7435HS                             , 16 cores, 23G,  Windows 11 , 64 bit Build 26100 (10.0.26100.7309)
Time: Thu Dec 25 12:02:56 2025 India Standard Time elapsed time: 6.076563 seconds (0d 0h 0m 6s)

---------------  T H R E A D  ---------------

Current thread (0x0000018c8ecb21c0):  JavaThread "C2 CompilerThread2" daemon [_thread_in_native, id=7960, stack(0x0000000b22600000,0x0000000b22700000) (1024K)]


Current CompileTask:
C2:6076 3415   !   4       org.jetbrains.kotlin.metadata.ProtoBuf$Type::<init> (875 bytes)

Stack: [0x0000000b22600000,0x0000000b22700000]
Native frames: (J=compiled Java code, j=interpreted, Vv=VM code, C=native code)
V  [jvm.dll+0x6d25c9]
V  [jvm.dll+0x860923]
V  [jvm.dll+0x862e7e]
V  [jvm.dll+0x863563]
V  [jvm.dll+0x27f156]
V  [jvm.dll+0xc002d]
V  [jvm.dll+0xc0563]
V  [jvm.dll+0x3b6d01]
V  [jvm.dll+0x382c27]
V  [jvm.dll+0x38209a]
V  [jvm.dll+0x247e72]
V  [jvm.dll+0x247441]
V  [jvm.dll+0x1c5fb4]
V  [jvm.dll+0x256bac]
V  [jvm.dll+0x2550f6]
V  [jvm.dll+0x3f1d16]
V  [jvm.dll+0x808d08]
V  [jvm.dll+0x6d0e1d]
C  [ucrtbase.dll+0x37b0]
C  [KERNEL32.DLL+0x2e8d7]
C  [ntdll.dll+0x8c53c]


---------------  P R O C E S S  ---------------

Threads class SMR info:
_java_thread_list=0x0000018c8e12db80, length=19, elements={
0x0000018ce84e5660, 0x0000018c8c05acb0, 0x0000018c8c07f290, 0x0000018c8c0963a0,
0x0000018c8c097970, 0x0000018c8c0a0f80, 0x0000018c8c0a2550, 0x0000018c8c0a2fb0,
0x0000018c8c0a3d40, 0x0000018c8c0a95b0, 0x0000018c8c266400, 0x0000018c8c27cb30,
0x0000018c8c8dfcc0, 0x0000018c8df57c30, 0x0000018c8d94f800, 0x0000018c8ecb21c0,
0x0000018c8de1dd90, 0x0000018c8e840c90, 0x0000018c8e841340
}

Java Threads: ( => current thread )
  0x0000018ce84e5660 JavaThread "main"                              [_thread_in_vm, id=42172, stack(0x0000000b20300000,0x0000000b20400000) (1024K)]
  0x0000018c8c05acb0 JavaThread "Common-Cleaner"             daemon [_thread_blocked, id=26528, stack(0x0000000b20b00000,0x0000000b20c00000) (1024K)]
  0x0000018c8c07f290 JavaThread "Reference Handler"          daemon [_thread_blocked, id=26840, stack(0x0000000b20c00000,0x0000000b20d00000) (1024K)]
  0x0000018c8c0963a0 JavaThread "Finalizer"                  daemon [_thread_blocked, id=34792, stack(0x0000000b20d00000,0x0000000b20e00000) (1024K)]
  0x0000018c8c097970 JavaThread "Signal Dispatcher"          daemon [_thread_blocked, id=24648, stack(0x0000000b20e00000,0x0000000b20f00000) (1024K)]
  0x0000018c8c0a0f80 JavaThread "Attach Listener"            daemon [_thread_blocked, id=37232, stack(0x0000000b20f00000,0x0000000b21000000) (1024K)]
  0x0000018c8c0a2550 JavaThread "Service Thread"             daemon [_thread_blocked, id=28484, stack(0x0000000b21000000,0x0000000b21100000) (1024K)]
  0x0000018c8c0a2fb0 JavaThread "Monitor Deflation Thread"   daemon [_thread_blocked, id=6548, stack(0x0000000b21100000,0x0000000b21200000) (1024K)]
  0x0000018c8c0a3d40 JavaThread "C2 CompilerThread0"         daemon [_thread_in_native, id=4604, stack(0x0000000b21200000,0x0000000b21300000) (1024K)]
  0x0000018c8c0a95b0 JavaThread "C1 CompilerThread0"         daemon [_thread_blocked, id=28004, stack(0x0000000b21300000,0x0000000b21400000) (1024K)]
  0x0000018c8c266400 JavaThread "C1 CompilerThread1"         daemon [_thread_blocked, id=17640, stack(0x0000000b21400000,0x0000000b21500000) (1024K)]
  0x0000018c8c27cb30 JavaThread "Notification Thread"        daemon [_thread_blocked, id=15652, stack(0x0000000b21500000,0x0000000b21600000) (1024K)]
  0x0000018c8c8dfcc0 JavaThread "C1 CompilerThread2"         daemon [_thread_blocked, id=12476, stack(0x0000000b21600000,0x0000000b21700000) (1024K)]
  0x0000018c8df57c30 JavaThread "C1 CompilerThread3"         daemon [_thread_blocked, id=24212, stack(0x0000000b22100000,0x0000000b22200000) (1024K)]
  0x0000018c8d94f800 JavaThread "C2 CompilerThread1"         daemon [_thread_in_native, id=44468, stack(0x0000000b22500000,0x0000000b22600000) (1024K)]
=>0x0000018c8ecb21c0 JavaThread "C2 CompilerThread2"         daemon [_thread_in_native, id=7960, stack(0x0000000b22600000,0x0000000b22700000) (1024K)]
  0x0000018c8de1dd90 JavaThread "C2 CompilerThread3"         daemon [_thread_in_native, id=18800, stack(0x0000000b22700000,0x0000000b22800000) (1024K)]
  0x0000018c8e840c90 JavaThread "C2 CompilerThread4"         daemon [_thread_blocked, id=26968, stack(0x0000000b22800000,0x0000000b22900000) (1024K)]
  0x0000018c8e841340 JavaThread "C2 CompilerThread5"         daemon [_thread_in_native, id=17528, stack(0x0000000b22900000,0x0000000b22a00000) (1024K)]
Total: 19

Other Threads:
  0x0000018c8c02fc90 VMThread "VM Thread"                           [id=39536, stack(0x0000000b20a00000,0x0000000b20b00000) (1024K)]
  0x0000018cff978b50 WatcherThread "VM Periodic Task Thread"        [id=25220, stack(0x0000000b20900000,0x0000000b20a00000) (1024K)]
  0x0000018cea9ebf20 WorkerThread "GC Thread#0"                     [id=21416, stack(0x0000000b20400000,0x0000000b20500000) (1024K)]
  0x0000018c8c993880 WorkerThread "GC Thread#1"                     [id=22644, stack(0x0000000b21800000,0x0000000b21900000) (1024K)]
  0x0000018c8c99f780 WorkerThread "GC Thread#2"                     [id=40532, stack(0x0000000b21900000,0x0000000b21a00000) (1024K)]
  0x0000018c8c99fb20 WorkerThread "GC Thread#3"                     [id=22252, stack(0x0000000b21a00000,0x0000000b21b00000) (1024K)]
  0x0000018c8c9b83f0 WorkerThread "GC Thread#4"                     [id=35548, stack(0x0000000b21b00000,0x0000000b21c00000) (1024K)]
  0x0000018c8c9baa80 WorkerThread "GC Thread#5"                     [id=20836, stack(0x0000000b21c00000,0x0000000b21d00000) (1024K)]
  0x0000018c8c9b9860 WorkerThread "GC Thread#6"                     [id=36928, stack(0x0000000b21d00000,0x0000000b21e00000) (1024K)]
  0x0000018c8c9ba340 WorkerThread "GC Thread#7"                     [id=22616, stack(0x0000000b21e00000,0x0000000b21f00000) (1024K)]
  0x0000018c8c9ba6e0 WorkerThread "GC Thread#8"                     [id=45024, stack(0x0000000b21f00000,0x0000000b22000000) (1024K)]
  0x0000018c8cc70fa0 WorkerThread "GC Thread#9"                     [id=16368, stack(0x0000000b22200000,0x0000000b22300000) (1024K)]
  0x0000018c8cc71340 WorkerThread "GC Thread#10"                    [id=38384, stack(0x0000000b22300000,0x0000000b22400000) (1024K)]
  0x0000018c8cc71e20 WorkerThread "GC Thread#11"                    [id=30232, stack(0x0000000b22400000,0x0000000b22500000) (1024K)]
  0x0000018c8db3cea0 WorkerThread "GC Thread#12"                    [id=38560, stack(0x0000000b22c00000,0x0000000b22d00000) (1024K)]
  0x0000018cea9f8c90 ConcurrentGCThread "G1 Main Marker"            [id=12388, stack(0x0000000b20500000,0x0000000b20600000) (1024K)]
  0x0000018cea9fa3a0 WorkerThread "G1 Conc#0"                       [id=25024, stack(0x0000000b20600000,0x0000000b20700000) (1024K)]
  0x0000018c8cc71a80 WorkerThread "G1 Conc#1"                       [id=43840, stack(0x0000000b21700000,0x0000000b21800000) (1024K)]
  0x0000018c8cc70c00 WorkerThread "G1 Conc#2"                       [id=2564, stack(0x0000000b22000000,0x0000000b22100000) (1024K)]
  0x0000018cff843f60 ConcurrentGCThread "G1 Refine#0"               [id=30432, stack(0x0000000b20700000,0x0000000b20800000) (1024K)]
  0x0000018cff845ae0 ConcurrentGCThread "G1 Service"                [id=17500, stack(0x0000000b20800000,0x0000000b20900000) (1024K)]
Total: 21

Threads with active compile tasks:
C2 CompilerThread0  6094 3620       4       org.jetbrains.kotlin.load.java.structure.impl.classFiles.BinaryClassSignatureParser::parseParameterizedClassRefSignature (257 bytes)
C2 CompilerThread1  6094 3420   !   4       org.jetbrains.kotlin.metadata.ProtoBuf$Function::<init> (1811 bytes)
C2 CompilerThread2  6094 3415   !   4       org.jetbrains.kotlin.metadata.ProtoBuf$Type::<init> (875 bytes)
C2 CompilerThread3  6094 3497       4       org.jetbrains.org.objectweb.asm.ClassReader::readMethod (1093 bytes)
C2 CompilerThread5  6094 3462   !   4       org.jetbrains.kotlin.metadata.ProtoBuf$ValueParameter::<init> (695 bytes)
Total: 5

VM state: not at safepoint (normal execution)

VM Mutex/Monitor currently owned by a thread: None

Heap address: 0x0000000684c00000, size: 6068 MB, Compressed Oops mode: Zero based, Oop shift amount: 3

CDS archive(s) not mapped
Compressed class space mapped at: 0x0000000800000000-0x0000000840000000, reserved size: 1073741824
Narrow klass base: 0x0000000800000000, Narrow klass shift: 0, Narrow klass range: 0x40000000

GC Precious Log:
 CardTable entry size: 512
 Card Set container configuration: InlinePtr #cards 4 size 8 Array Of Cards #cards 32 size 80 Howl #buckets 8 coarsen threshold 7372 Howl Bitmap #cards 1024 size 144 coarsen threshold 921 Card regions per heap region 1 cards per card region 8192
 CPUs: 16 total, 16 available
 Memory: 24260M
 Large Page Support: Disabled
 NUMA Support: Disabled
 Compressed Oops: Enabled (Zero based)
 Heap Region Size: 4M
 Heap Min Capacity: 8M
 Heap Initial Capacity: 380M
 Heap Max Capacity: 6068M
 Pre-touch: Disabled
 Parallel Workers: 13
 Concurrent Workers: 3
 Concurrent Refinement Workers: 13
 Periodic GC: Disabled

Heap:
 garbage-first heap   total 221184K, used 114688K [0x0000000684c00000, 0x0000000800000000)
  region size 4096K, 25 young (102400K), 1 survivors (4096K)
 Metaspace       used 55111K, committed 55360K, reserved 1114112K
  class space    used 6423K, committed 6528K, reserved 1048576K

Heap Regions: E=young(eden), S=young(survivor), O=old, HS=humongous(starts), HC=humongous(continues), CS=collection set, F=free, TAMS=top-at-mark-start, PB=parsable bottom
|   0|0x0000000684c00000, 0x0000000685000000, 0x0000000685000000|100%|HS|  |TAMS 0x0000000684c00000| PB 0x0000000684c00000| Complete 
|   1|0x0000000685000000, 0x0000000685400000, 0x0000000685400000|100%| O|  |TAMS 0x0000000685000000| PB 0x0000000685000000| Untracked 
|   2|0x0000000685400000, 0x0000000685800000, 0x0000000685800000|100%| O|  |TAMS 0x0000000685400000| PB 0x0000000685400000| Untracked 
|   3|0x0000000685800000, 0x0000000685c00000, 0x0000000685c00000|100%| O|  |TAMS 0x0000000685800000| PB 0x0000000685800000| Untracked 
|   4|0x0000000685c00000, 0x0000000685c00000, 0x0000000686000000|  0%| F|  |TAMS 0x0000000685c00000| PB 0x0000000685c00000| Untracked 
|   5|0x0000000686000000, 0x0000000686000000, 0x0000000686400000|  0%| F|  |TAMS 0x0000000686000000| PB 0x0000000686000000| Untracked 
|   6|0x0000000686400000, 0x0000000686400000, 0x0000000686800000|  0%| F|  |TAMS 0x0000000686400000| PB 0x0000000686400000| Untracked 
|   7|0x0000000686800000, 0x0000000686c00000, 0x0000000686c00000|100%| S|CS|TAMS 0x0000000686800000| PB 0x0000000686800000| Complete 
|   8|0x0000000686c00000, 0x0000000686c00000, 0x0000000687000000|  0%| F|  |TAMS 0x0000000686c00000| PB 0x0000000686c00000| Untracked 
|   9|0x0000000687000000, 0x0000000687000000, 0x0000000687400000|  0%| F|  |TAMS 0x0000000687000000| PB 0x0000000687000000| Untracked 
|  10|0x0000000687400000, 0x0000000687400000, 0x0000000687800000|  0%| F|  |TAMS 0x0000000687400000| PB 0x0000000687400000| Untracked 
|  11|0x0000000687800000, 0x0000000687800000, 0x0000000687c00000|  0%| F|  |TAMS 0x0000000687800000| PB 0x0000000687800000| Untracked 
|  12|0x0000000687c00000, 0x0000000687c00000, 0x0000000688000000|  0%| F|  |TAMS 0x0000000687c00000| PB 0x0000000687c00000| Untracked 
|  13|0x0000000688000000, 0x0000000688000000, 0x0000000688400000|  0%| F|  |TAMS 0x0000000688000000| PB 0x0000000688000000| Untracked 
|  14|0x0000000688400000, 0x0000000688400000, 0x0000000688800000|  0%| F|  |TAMS 0x0000000688400000| PB 0x0000000688400000| Untracked 
|  15|0x0000000688800000, 0x0000000688800000, 0x0000000688c00000|  0%| F|  |TAMS 0x0000000688800000| PB 0x0000000688800000| Untracked 
|  16|0x0000000688c00000, 0x0000000688c00000, 0x0000000689000000|  0%| F|  |TAMS 0x0000000688c00000| PB 0x0000000688c00000| Untracked 
|  17|0x0000000689000000, 0x0000000689000000, 0x0000000689400000|  0%| F|  |TAMS 0x0000000689000000| PB 0x0000000689000000| Untracked 
|  18|0x0000000689400000, 0x0000000689400000, 0x0000000689800000|  0%| F|  |TAMS 0x0000000689400000| PB 0x0000000689400000| Untracked 
|  19|0x0000000689800000, 0x0000000689800000, 0x0000000689c00000|  0%| F|  |TAMS 0x0000000689800000| PB 0x0000000689800000| Untracked 
|  20|0x0000000689c00000, 0x0000000689c00000, 0x000000068a000000|  0%| F|  |TAMS 0x0000000689c00000| PB 0x0000000689c00000| Untracked 
|  21|0x000000068a000000, 0x000000068a000000, 0x000000068a400000|  0%| F|  |TAMS 0x000000068a000000| PB 0x000000068a000000| Untracked 
|  22|0x000000068a400000, 0x000000068a400000, 0x000000068a800000|  0%| F|  |TAMS 0x000000068a400000| PB 0x000000068a400000| Untracked 
|  23|0x000000068a800000, 0x000000068a800000, 0x000000068ac00000|  0%| F|  |TAMS 0x000000068a800000| PB 0x000000068a800000| Untracked 
|  24|0x000000068ac00000, 0x000000068ac00000, 0x000000068b000000|  0%| F|  |TAMS 0x000000068ac00000| PB 0x000000068ac00000| Untracked 
|  25|0x000000068b000000, 0x000000068b000000, 0x000000068b400000|  0%| F|  |TAMS 0x000000068b000000| PB 0x000000068b000000| Untracked 
|  26|0x000000068b400000, 0x000000068b400000, 0x000000068b800000|  0%| F|  |TAMS 0x000000068b400000| PB 0x000000068b400000| Untracked 
|  27|0x000000068b800000, 0x000000068b800000, 0x000000068bc00000|  0%| F|  |TAMS 0x000000068b800000| PB 0x000000068b800000| Untracked 
|  28|0x000000068bc00000, 0x000000068bc00000, 0x000000068c000000|  0%| F|  |TAMS 0x000000068bc00000| PB 0x000000068bc00000| Untracked 
|  29|0x000000068c000000, 0x000000068c000000, 0x000000068c400000|  0%| F|  |TAMS 0x000000068c000000| PB 0x000000068c000000| Untracked 
|  30|0x000000068c400000, 0x000000068c668890, 0x000000068c800000| 60%| E|  |TAMS 0x000000068c400000| PB 0x000000068c400000| Complete 
|  31|0x000000068c800000, 0x000000068cc00000, 0x000000068cc00000|100%| E|CS|TAMS 0x000000068c800000| PB 0x000000068c800000| Complete 
|  32|0x000000068cc00000, 0x000000068d000000, 0x000000068d000000|100%| E|CS|TAMS 0x000000068cc00000| PB 0x000000068cc00000| Complete 
|  33|0x000000068d000000, 0x000000068d400000, 0x000000068d400000|100%| E|CS|TAMS 0x000000068d000000| PB 0x000000068d000000| Complete 
|  34|0x000000068d400000, 0x000000068d800000, 0x000000068d800000|100%| E|CS|TAMS 0x000000068d400000| PB 0x000000068d400000| Complete 
|  35|0x000000068d800000, 0x000000068dc00000, 0x000000068dc00000|100%| E|CS|TAMS 0x000000068d800000| PB 0x000000068d800000| Complete 
|  36|0x000000068dc00000, 0x000000068e000000, 0x000000068e000000|100%| E|CS|TAMS 0x000000068dc00000| PB 0x000000068dc00000| Complete 
|  37|0x000000068e000000, 0x000000068e400000, 0x000000068e400000|100%| E|CS|TAMS 0x000000068e000000| PB 0x000000068e000000| Complete 
|  38|0x000000068e400000, 0x000000068e800000, 0x000000068e800000|100%| E|CS|TAMS 0x000000068e400000| PB 0x000000068e400000| Complete 
|  39|0x000000068e800000, 0x000000068ec00000, 0x000000068ec00000|100%| E|CS|TAMS 0x000000068e800000| PB 0x000000068e800000| Complete 
|  40|0x000000068ec00000, 0x000000068f000000, 0x000000068f000000|100%| E|CS|TAMS 0x000000068ec00000| PB 0x000000068ec00000| Complete 
|  41|0x000000068f000000, 0x000000068f400000, 0x000000068f400000|100%| E|CS|TAMS 0x000000068f000000| PB 0x000000068f000000| Complete 
|  42|0x000000068f400000, 0x000000068f800000, 0x000000068f800000|100%| E|CS|TAMS 0x000000068f400000| PB 0x000000068f400000| Complete 
|  43|0x000000068f800000, 0x000000068fc00000, 0x000000068fc00000|100%| E|CS|TAMS 0x000000068f800000| PB 0x000000068f800000| Complete 
|  44|0x000000068fc00000, 0x0000000690000000, 0x0000000690000000|100%| E|CS|TAMS 0x000000068fc00000| PB 0x000000068fc00000| Complete 
|  45|0x0000000690000000, 0x0000000690400000, 0x0000000690400000|100%| E|CS|TAMS 0x0000000690000000| PB 0x0000000690000000| Complete 
|  46|0x0000000690400000, 0x0000000690800000, 0x0000000690800000|100%| E|CS|TAMS 0x0000000690400000| PB 0x0000000690400000| Complete 
|  47|0x0000000690800000, 0x0000000690c00000, 0x0000000690c00000|100%| E|CS|TAMS 0x0000000690800000| PB 0x0000000690800000| Complete 
|  48|0x0000000690c00000, 0x0000000691000000, 0x0000000691000000|100%| E|CS|TAMS 0x0000000690c00000| PB 0x0000000690c00000| Complete 
|  49|0x0000000691000000, 0x0000000691400000, 0x0000000691400000|100%| E|CS|TAMS 0x0000000691000000| PB 0x0000000691000000| Complete 
|  50|0x0000000691400000, 0x0000000691800000, 0x0000000691800000|100%| E|CS|TAMS 0x0000000691400000| PB 0x0000000691400000| Complete 
|  92|0x000000069bc00000, 0x000000069c000000, 0x000000069c000000|100%| E|CS|TAMS 0x000000069bc00000| PB 0x000000069bc00000| Complete 
|  93|0x000000069c000000, 0x000000069c400000, 0x000000069c400000|100%| E|CS|TAMS 0x000000069c000000| PB 0x000000069c000000| Complete 
|  94|0x000000069c400000, 0x000000069c800000, 0x000000069c800000|100%| E|CS|TAMS 0x000000069c400000| PB 0x000000069c400000| Complete 

Card table byte_map: [0x0000018cfdf40000,0x0000018cfeb20000] _byte_map_base: 0x0000018cfab1a000

Marking Bits: (CMBitMap*) 0x0000018cea9ec620
 Bits: [0x0000018c80000000, 0x0000018c85ed0000)

Polling page: 0x0000018ce8a30000

Metaspace:

Usage:
  Non-class:     47.55 MB used.
      Class:      6.27 MB used.
       Both:     53.83 MB used.

Virtual space:
  Non-class space:       64.00 MB reserved,      47.69 MB ( 75%) committed,  1 nodes.
      Class space:        1.00 GB reserved,       6.38 MB ( <1%) committed,  1 nodes.
             Both:        1.06 GB reserved,      54.06 MB (  5%) committed. 

Chunk freelists:
   Non-Class:  144.00 KB
       Class:  9.59 MB
        Both:  9.73 MB

MaxMetaspaceSize: unlimited
CompressedClassSpaceSize: 1.00 GB
Initial GC threshold: 21.00 MB
Current GC threshold: 60.00 MB
CDS: off
 - commit_granule_bytes: 65536.
 - commit_granule_words: 8192.
 - virtual_space_node_default_size: 8388608.
 - enlarge_chunks_in_place: 1.
 - use_allocation_guard: 0.


Internal statistics:

num_allocs_failed_limit: 9.
num_arena_births: 228.
num_arena_deaths: 0.
num_vsnodes_births: 2.
num_vsnodes_deaths: 0.
num_space_committed: 865.
num_space_uncommitted: 0.
num_chunks_returned_to_freelist: 9.
num_chunks_taken_from_freelist: 1792.
num_chunk_merges: 9.
num_chunk_splits: 1534.
num_chunks_enlarged: 1411.
num_inconsistent_stats: 0.

CodeHeap 'non-profiled nmethods': size=119168Kb used=1903Kb max_used=1903Kb free=117264Kb
 bounds [0x0000018cf5660000, 0x0000018cf58d0000, 0x0000018cfcac0000]
CodeHeap 'profiled nmethods': size=119104Kb used=7354Kb max_used=7354Kb free=111749Kb
 bounds [0x0000018cedac0000, 0x0000018cee1f0000, 0x0000018cf4f10000]
CodeHeap 'non-nmethods': size=7488Kb used=3274Kb max_used=3327Kb free=4213Kb
 bounds [0x0000018cf4f10000, 0x0000018cf52b0000, 0x0000018cf5660000]
 total_blobs=4190 nmethods=3536 adapters=555
 compilation: enabled
              stopped_count=0, restarted_count=0
 full_count=0

Compilation events (20 events):
Event: 6.074 Thread 0x0000018c8c8dfcc0 3689       3       org.jetbrains.kotlin.fir.declarations.DeprecationUtilsKt::extractDeprecationAnnotationInfoPerUseSite (1240 bytes)
Event: 6.074 Thread 0x0000018c8c0a95b0 nmethod 3688 0x0000018cee1d0a10 code [0x0000018cee1d0ba0, 0x0000018cee1d0cb8]
Event: 6.074 Thread 0x0000018c8c0a95b0 3690       3       org.jetbrains.kotlin.fir.analysis.jvm.checkers.FirJvmAnnotationsPlatformSpecificSupportComponent::getDeprecationAnnotationsWithOverridesPropagation (4 bytes)
Event: 6.074 Thread 0x0000018c8c0a95b0 nmethod 3690 0x0000018cee1d0d90 code [0x0000018cee1d0f20, 0x0000018cee1d1038]
Event: 6.074 Thread 0x0000018c8c0a95b0 3691       1       org.jetbrains.kotlin.fir.deserialization.FirDeserializationContext::getModuleData (5 bytes)
Event: 6.074 Thread 0x0000018c8c0a95b0 nmethod 3691 0x0000018cf5834490 code [0x0000018cf5834620, 0x0000018cf58346f0]
Event: 6.074 Thread 0x0000018c8c0a95b0 3692       3       kotlin.sequences.TransformingSequence::<init> (27 bytes)
Event: 6.075 Thread 0x0000018c8c266400 nmethod 3687 0x0000018cee1d1110 code [0x0000018cee1d1500, 0x0000018cee1d2d08]
Event: 6.075 Thread 0x0000018c8c266400 3693       3       kotlin.sequences.TransformingSequence::iterator (12 bytes)
Event: 6.075 Thread 0x0000018c8c0a95b0 nmethod 3692 0x0000018cee1d3610 code [0x0000018cee1d38c0, 0x0000018cee1d4408]
Event: 6.075 Thread 0x0000018c8c0a95b0 3694       3       kotlin.sequences.TransformingSequence$iterator$1::<init> (23 bytes)
Event: 6.075 Thread 0x0000018c8c266400 nmethod 3693 0x0000018cee1d4810 code [0x0000018cee1d49e0, 0x0000018cee1d4db8]
Event: 6.075 Thread 0x0000018c8c266400 3696       3       org.jetbrains.kotlin.load.kotlin.FileBasedKotlinClass$1::visitAnnotation (21 bytes)
Event: 6.075 Thread 0x0000018c8c0a95b0 nmethod 3694 0x0000018cee1d4f10 code [0x0000018cee1d50e0, 0x0000018cee1d5400]
Event: 6.075 Thread 0x0000018c8c0a95b0 3697       3       org.jetbrains.kotlin.load.kotlin.header.ReadKotlinClassHeaderAnnotationVisitor::visitAnnotation (115 bytes)
Event: 6.075 Thread 0x0000018c8c266400 nmethod 3696 0x0000018cee1d5510 code [0x0000018cee1d56c0, 0x0000018cee1d5888]
Event: 6.075 Thread 0x0000018c8c266400 3695       3       org.jetbrains.org.objectweb.asm.ClassReader::readShort (27 bytes)
Event: 6.075 Thread 0x0000018c8c266400 nmethod 3695 0x0000018cee1d5990 code [0x0000018cee1d5b40, 0x0000018cee1d5cc0]
Event: 6.075 Thread 0x0000018c8df57c30 nmethod 3686 0x0000018cee1d5e10 code [0x0000018cee1d6300, 0x0000018cee1d8530]
Event: 6.075 Thread 0x0000018c8c0a95b0 nmethod 3697 0x0000018cee1d9190 code [0x0000018cee1d9440, 0x0000018cee1d9ec0]

GC Heap History (14 events):
Event: 0.998 GC heap before
{Heap before GC invocations=0 (full 0):
 garbage-first heap   total 389120K, used 20480K [0x0000000684c00000, 0x0000000800000000)
  region size 4096K, 5 young (20480K), 0 survivors (0K)
 Metaspace       used 12799K, committed 12928K, reserved 1114112K
  class space    used 1147K, committed 1216K, reserved 1048576K
}
Event: 1.013 GC heap after
{Heap after GC invocations=1 (full 0):
 garbage-first heap   total 389120K, used 6899K [0x0000000684c00000, 0x0000000800000000)
  region size 4096K, 1 young (4096K), 1 survivors (4096K)
 Metaspace       used 12799K, committed 12928K, reserved 1114112K
  class space    used 1147K, committed 1216K, reserved 1048576K
}
Event: 2.501 GC heap before
{Heap before GC invocations=1 (full 0):
 garbage-first heap   total 389120K, used 31475K [0x0000000684c00000, 0x0000000800000000)
  region size 4096K, 8 young (32768K), 1 survivors (4096K)
 Metaspace       used 20353K, committed 20544K, reserved 1114112K
  class space    used 2152K, committed 2240K, reserved 1048576K
}
Event: 2.505 GC heap after
{Heap after GC invocations=2 (full 0):
 garbage-first heap   total 389120K, used 9162K [0x0000000684c00000, 0x0000000800000000)
  region size 4096K, 1 young (4096K), 1 survivors (4096K)
 Metaspace       used 20353K, committed 20544K, reserved 1114112K
  class space    used 2152K, committed 2240K, reserved 1048576K
}
Event: 2.815 GC heap before
{Heap before GC invocations=2 (full 0):
 garbage-first heap   total 389120K, used 13258K [0x0000000684c00000, 0x0000000800000000)
  region size 4096K, 3 young (12288K), 1 survivors (4096K)
 Metaspace       used 21375K, committed 21504K, reserved 1114112K
  class space    used 2291K, committed 2368K, reserved 1048576K
}
Event: 2.819 GC heap after
{Heap after GC invocations=3 (full 0):
 garbage-first heap   total 389120K, used 9957K [0x0000000684c00000, 0x0000000800000000)
  region size 4096K, 1 young (4096K), 1 survivors (4096K)
 Metaspace       used 21375K, committed 21504K, reserved 1114112K
  class space    used 2291K, committed 2368K, reserved 1048576K
}
Event: 4.030 GC heap before
{Heap before GC invocations=4 (full 0):
 garbage-first heap   total 40960K, used 38629K [0x0000000684c00000, 0x0000000800000000)
  region size 4096K, 8 young (32768K), 1 survivors (4096K)
 Metaspace       used 30300K, committed 30528K, reserved 1114112K
  class space    used 3837K, committed 3968K, reserved 1048576K
}
Event: 4.034 GC heap after
{Heap after GC invocations=5 (full 0):
 garbage-first heap   total 49152K, used 11426K [0x0000000684c00000, 0x0000000800000000)
  region size 4096K, 2 young (8192K), 2 survivors (8192K)
 Metaspace       used 30300K, committed 30528K, reserved 1114112K
  class space    used 3837K, committed 3968K, reserved 1048576K
}
Event: 4.691 GC heap before
{Heap before GC invocations=5 (full 0):
 garbage-first heap   total 49152K, used 31906K [0x0000000684c00000, 0x0000000800000000)
  region size 4096K, 7 young (28672K), 2 survivors (8192K)
 Metaspace       used 32064K, committed 32256K, reserved 1114112K
  class space    used 4061K, committed 4160K, reserved 1048576K
}
Event: 4.703 GC heap after
{Heap after GC invocations=6 (full 0):
 garbage-first heap   total 49152K, used 14969K [0x0000000684c00000, 0x0000000800000000)
  region size 4096K, 1 young (4096K), 1 survivors (4096K)
 Metaspace       used 32064K, committed 32256K, reserved 1114112K
  class space    used 4061K, committed 4160K, reserved 1048576K
}
Event: 4.996 GC heap before
{Heap before GC invocations=6 (full 0):
 garbage-first heap   total 49152K, used 31353K [0x0000000684c00000, 0x0000000800000000)
  region size 4096K, 6 young (24576K), 1 survivors (4096K)
 Metaspace       used 36504K, committed 36736K, reserved 1114112K
  class space    used 4550K, committed 4672K, reserved 1048576K
}
Event: 5.001 GC heap after
{Heap after GC invocations=7 (full 0):
 garbage-first heap   total 49152K, used 17659K [0x0000000684c00000, 0x0000000800000000)
  region size 4096K, 1 young (4096K), 1 survivors (4096K)
 Metaspace       used 36504K, committed 36736K, reserved 1114112K
  class space    used 4550K, committed 4672K, reserved 1048576K
}
Event: 5.160 GC heap before
{Heap before GC invocations=8 (full 0):
 garbage-first heap   total 49152K, used 34043K [0x0000000684c00000, 0x0000000800000000)
  region size 4096K, 5 young (20480K), 1 survivors (4096K)
 Metaspace       used 38823K, committed 39040K, reserved 1114112K
  class space    used 4804K, committed 4928K, reserved 1048576K
}
Event: 5.165 GC heap after
{Heap after GC invocations=9 (full 0):
 garbage-first heap   total 221184K, used 20480K [0x0000000684c00000, 0x0000000800000000)
  region size 4096K, 1 young (4096K), 1 survivors (4096K)
 Metaspace       used 38823K, committed 39040K, reserved 1114112K
  class space    used 4804K, committed 4928K, reserved 1048576K
}

Dll operation events (3 events):
Event: 0.045 Loaded shared library C:\Program Files\Android\Android Studio\jbr\bin\java.dll
Event: 0.053 Loaded shared library C:\Program Files\Android\Android Studio\jbr\bin\zip.dll
Event: 4.852 Loaded shared library C:\Program Files\Android\Android Studio\jbr\bin\verify.dll

Deoptimization events (20 events):
Event: 5.975 Thread 0x0000018ce84e5660 DEOPT PACKING pc=0x0000018cf5815f5c sp=0x0000000b203fbb30
Event: 5.975 Thread 0x0000018ce84e5660 DEOPT UNPACKING pc=0x0000018cf4f646a2 sp=0x0000000b203fbac0 mode 2
Event: 5.976 Thread 0x0000018ce84e5660 DEOPT PACKING pc=0x0000018cee116492 sp=0x0000000b203fbd60
Event: 5.976 Thread 0x0000018ce84e5660 DEOPT UNPACKING pc=0x0000018cf4f64e42 sp=0x0000000b203fb238 mode 0
Event: 6.007 Thread 0x0000018ce84e5660 DEOPT PACKING pc=0x0000018cede3273a sp=0x0000000b203fb420
Event: 6.007 Thread 0x0000018ce84e5660 DEOPT UNPACKING pc=0x0000018cf4f64e42 sp=0x0000000b203fa8e0 mode 0
Event: 6.023 Thread 0x0000018ce84e5660 Uncommon trap: trap_request=0xffffff45 fr.pc=0x0000018cf5813018 relative=0x0000000000000858
Event: 6.023 Thread 0x0000018ce84e5660 Uncommon trap: reason=unstable_if action=reinterpret pc=0x0000018cf5813018 method=org.jetbrains.kotlin.metadata.ProtoBuf$Type.hasFlexibleUpperBound()Z @ 7 c2
Event: 6.023 Thread 0x0000018ce84e5660 DEOPT PACKING pc=0x0000018cf5813018 sp=0x0000000b203fbb20
Event: 6.023 Thread 0x0000018ce84e5660 DEOPT UNPACKING pc=0x0000018cf4f646a2 sp=0x0000000b203fba70 mode 2
Event: 6.041 Thread 0x0000018ce84e5660 DEOPT PACKING pc=0x0000018cee0b7ad4 sp=0x0000000b203fbae0
Event: 6.041 Thread 0x0000018ce84e5660 DEOPT UNPACKING pc=0x0000018cf4f64e42 sp=0x0000000b203fb090 mode 0
Event: 6.048 Thread 0x0000018ce84e5660 Uncommon trap: trap_request=0xffffff45 fr.pc=0x0000018cf5824050 relative=0x0000000000001a70
Event: 6.048 Thread 0x0000018ce84e5660 Uncommon trap: reason=unstable_if action=reinterpret pc=0x0000018cf5824050 method=org.jetbrains.org.objectweb.asm.ClassReader.readElementValue(Lorg/jetbrains/org/objectweb/asm/AnnotationVisitor;ILjava/lang/String;[C)I @ 102 c2
Event: 6.048 Thread 0x0000018ce84e5660 DEOPT PACKING pc=0x0000018cf5824050 sp=0x0000000b203fbff0
Event: 6.048 Thread 0x0000018ce84e5660 DEOPT UNPACKING pc=0x0000018cf4f646a2 sp=0x0000000b203fbf90 mode 2
Event: 6.066 Thread 0x0000018ce84e5660 Uncommon trap: trap_request=0xffffff45 fr.pc=0x0000018cf5800354 relative=0x0000000000000114
Event: 6.066 Thread 0x0000018ce84e5660 Uncommon trap: reason=unstable_if action=reinterpret pc=0x0000018cf5800354 method=java.text.StringCharacterIterator.current()C @ 19 c2
Event: 6.066 Thread 0x0000018ce84e5660 DEOPT PACKING pc=0x0000018cf5800354 sp=0x0000000b203fc2a0
Event: 6.066 Thread 0x0000018ce84e5660 DEOPT UNPACKING pc=0x0000018cf4f646a2 sp=0x0000000b203fc238 mode 2

Classes loaded (20 events):
Event: 5.502 Loading class java/util/ArrayList$ListItr
Event: 5.502 Loading class java/util/ArrayList$ListItr done
Event: 5.604 Loading class java/security/CodeSigner
Event: 5.604 Loading class java/security/CodeSigner done
Event: 5.672 Loading class java/util/PriorityQueue
Event: 5.672 Loading class java/util/PriorityQueue done
Event: 5.755 Loading class java/security/AccessControlException
Event: 5.755 Loading class java/security/AccessControlException done
Event: 5.771 Loading class java/text/StringCharacterIterator
Event: 5.771 Loading class java/text/CharacterIterator
Event: 5.771 Loading class java/text/CharacterIterator done
Event: 5.771 Loading class java/text/StringCharacterIterator done
Event: 5.809 Loading class java/util/concurrent/atomic/AtomicIntegerArray
Event: 5.809 Loading class java/util/concurrent/atomic/AtomicIntegerArray done
Event: 5.809 Loading class java/util/concurrent/atomic/AtomicLongArray
Event: 5.809 Loading class java/util/concurrent/atomic/AtomicLongArray done
Event: 5.819 Loading class java/lang/Override
Event: 5.819 Loading class java/lang/Override done
Event: 5.918 Loading class java/util/AbstractList$ListItr
Event: 5.918 Loading class java/util/AbstractList$ListItr done

Classes unloaded (0 events):
No events

Classes redefined (0 events):
No events

Internal exceptions (20 events):
Event: 3.263 Thread 0x0000018ce84e5660 Implicit null exception at 0x0000018cf56d9d00 to 0x0000018cf56d9dc8
Event: 4.213 Thread 0x0000018ce84e5660 Exception <a 'java/lang/NoSuchMethodError'{0x000000069c341198}: 'void java.lang.invoke.Invokers$Holder.invokeExact_MT(java.lang.Object, int, java.lang.Object)'> (0x000000069c341198) 
thrown [s\src\hotspot\share\interpreter\linkResolver.cpp, line 784]
Event: 4.466 Thread 0x0000018ce84e5660 Exception <a 'java/lang/NoSuchMethodError'{0x000000069be5fb50}: 'java.lang.Object java.lang.invoke.DirectMethodHandle$Holder.invokeStatic(java.lang.Object, java.lang.Object, long, long)'> (0x000000069be5fb50) 
thrown [s\src\hotspot\share\interpreter\linkResolver.cpp, line 784]
Event: 4.475 Thread 0x0000018ce84e5660 Exception <a 'java/lang/NoSuchMethodError'{0x000000069be8a7e0}: 'long java.lang.invoke.DirectMethodHandle$Holder.invokeStatic(java.lang.Object, java.lang.Object, int)'> (0x000000069be8a7e0) 
thrown [s\src\hotspot\share\interpreter\linkResolver.cpp, line 784]
Event: 4.476 Thread 0x0000018ce84e5660 Exception <a 'java/lang/NoSuchMethodError'{0x000000069be95a78}: 'java.lang.Object java.lang.invoke.DelegatingMethodHandle$Holder.reinvoke_L(java.lang.Object, int, long, java.lang.Object, java.lang.Object, int, java.lang.Object)'> (0x000000069be95a78) 
thrown [s\src\hotspot\share\interpreter\linkResolver.cpp, line 784]
Event: 4.482 Thread 0x0000018ce84e5660 Exception <a 'java/lang/NoSuchMethodError'{0x000000069bed1b30}: 'java.lang.Object java.lang.invoke.DirectMethodHandle$Holder.newInvokeSpecial(java.lang.Object, java.lang.Object, java.lang.Object, long)'> (0x000000069bed1b30) 
thrown [s\src\hotspot\share\interpreter\linkResolver.cpp, line 784]
Event: 4.482 Thread 0x0000018ce84e5660 Exception <a 'java/lang/NoSuchMethodError'{0x000000069bed56e0}: 'java.lang.Object java.lang.invoke.Invokers$Holder.linkToTargetMethod(java.lang.Object, java.lang.Object, long, java.lang.Object)'> (0x000000069bed56e0) 
thrown [s\src\hotspot\share\interpreter\linkResolver.cpp, line 784]
Event: 4.674 Thread 0x0000018ce84e5660 Implicit null exception at 0x0000018cf5715c07 to 0x0000018cf5716048
Event: 4.675 Thread 0x0000018ce84e5660 Implicit null exception at 0x0000018cf571ed81 to 0x0000018cf571fb54
Event: 4.914 Thread 0x0000018ce84e5660 Exception <a 'java/lang/NoSuchMethodError'{0x000000069be83ae0}: 'java.lang.Object java.lang.invoke.DirectMethodHandle$Holder.newInvokeSpecial(java.lang.Object, java.lang.Object, java.lang.Object, java.lang.Object, java.lang.Object, java.lang.Object, java.lang.Object)'> (0x000000069be83ae0) 
thrown [s\src\hotspot\share\interpreter\linkResolver.cpp, line 784]
Event: 4.914 Thread 0x0000018ce84e5660 Exception <a 'java/lang/NoSuchMethodError'{0x000000069be8ea58}: 'java.lang.Object java.lang.invoke.DirectMethodHandle$Holder.newInvokeSpecial(java.lang.Object, java.lang.Object, java.lang.Object, java.lang.Object, java.lang.Object, java.lang.Object, java.lang.Object, java.lang.Object)'> (0x000000069be8ea58) 
thrown [s\src\hotspot\share\interpreter\linkResolver.cpp, line 784]
Event: 4.916 Thread 0x0000018ce84e5660 Exception <a 'java/lang/NoSuchMethodError'{0x000000069bea14b8}: 'java.lang.Object java.lang.invoke.DirectMethodHandle$Holder.newInvokeSpecial(java.lang.Object, java.lang.Object, java.lang.Object, java.lang.Object, java.lang.Object, java.lang.Object, java.lang.Object, java.lang.Object, java.lang.Object)'> (0x000000069bea14b8) 
thrown [s\src\hotspot\share\interpreter\linkResolver.cpp, line 784]
Event: 5.175 Thread 0x0000018ce84e5660 Exception <a 'java/lang/NoSuchMethodError'{0x000000069c55d558}: 'java.lang.Object java.lang.invoke.DirectMethodHandle$Holder.newInvokeSpecial(java.lang.Object, java.lang.Object, int, int)'> (0x000000069c55d558) 
thrown [s\src\hotspot\share\interpreter\linkResolver.cpp, line 784]
Event: 5.175 Thread 0x0000018ce84e5660 Exception <a 'java/lang/NoSuchMethodError'{0x000000069c5615a8}: 'java.lang.Object java.lang.invoke.DirectMethodHandle$Holder.invokeSpecial(java.lang.Object, java.lang.Object, java.lang.Object, int, int)'> (0x000000069c5615a8) 
thrown [s\src\hotspot\share\interpreter\linkResolver.cpp, line 784]
Event: 5.574 Thread 0x0000018ce84e5660 Exception <a 'java/lang/NoSuchMethodError'{0x00000006903a0790}: 'java.lang.Object java.lang.invoke.DirectMethodHandle$Holder.newInvokeSpecial(java.lang.Object, java.lang.Object, java.lang.Object, java.lang.Object, java.lang.Object, java.lang.Object)'> (0x00000006903a0790) 
thrown [s\src\hotspot\share\interpreter\linkResolver.cpp, line 784]
Event: 5.739 Thread 0x0000018ce84e5660 Exception <a 'java/lang/NoSuchMethodError'{0x000000068f01d468}: 'java.lang.Object java.lang.invoke.DirectMethodHandle$Holder.newInvokeSpecial(java.lang.Object, java.lang.Object, java.lang.Object, int, java.lang.Object)'> (0x000000068f01d468) 
thrown [s\src\hotspot\share\interpreter\linkResolver.cpp, line 784]
Event: 5.877 Thread 0x0000018ce84e5660 Exception <a 'java/lang/NoSuchMethodError'{0x000000068eb978e0}: 'java.lang.Object java.lang.invoke.DirectMethodHandle$Holder.newInvokeSpecial(java.lang.Object, java.lang.Object, java.lang.Object, java.lang.Object, int)'> (0x000000068eb978e0) 
thrown [s\src\hotspot\share\interpreter\linkResolver.cpp, line 784]
Event: 5.878 Thread 0x0000018ce84e5660 Exception <a 'java/lang/NoSuchMethodError'{0x000000068eb9bd28}: 'java.lang.Object java.lang.invoke.DirectMethodHandle$Holder.invokeSpecial(java.lang.Object, java.lang.Object, java.lang.Object, java.lang.Object, java.lang.Object, int)'> (0x000000068eb9bd28) 
thrown [s\src\hotspot\share\interpreter\linkResolver.cpp, line 784]
Event: 5.878 Thread 0x0000018ce84e5660 Exception <a 'java/lang/NoSuchMethodError'{0x000000068eb9fa68}: 'java.lang.Object java.lang.invoke.Invokers$Holder.linkToTargetMethod(java.lang.Object, java.lang.Object, java.lang.Object, int, java.lang.Object)'> (0x000000068eb9fa68) 
thrown [s\src\hotspot\share\interpreter\linkResolver.cpp, line 784]
Event: 5.930 Thread 0x0000018ce84e5660 Implicit null exception at 0x0000018cf56e4ec7 to 0x0000018cf56e5174

ZGC Phase Switch (0 events):
No events

VM Operations (20 events):
Event: 5.007 Executing VM operation: G1PauseRemark
Event: 5.010 Executing VM operation: G1PauseRemark done
Event: 5.012 Executing VM operation: G1PauseCleanup
Event: 5.012 Executing VM operation: G1PauseCleanup done
Event: 5.160 Executing VM operation: G1CollectForAllocation (G1 Evacuation Pause)
Event: 5.165 Executing VM operation: G1CollectForAllocation (G1 Evacuation Pause) done
Event: 5.502 Executing VM operation: HandshakeAllThreads (Deoptimize)
Event: 5.502 Executing VM operation: HandshakeAllThreads (Deoptimize) done
Event: 5.733 Executing VM operation: ICBufferFull
Event: 5.733 Executing VM operation: ICBufferFull done
Event: 5.826 Executing VM operation: HandshakeAllThreads (Deoptimize)
Event: 5.826 Executing VM operation: HandshakeAllThreads (Deoptimize) done
Event: 5.918 Executing VM operation: HandshakeAllThreads (Deoptimize)
Event: 5.919 Executing VM operation: HandshakeAllThreads (Deoptimize) done
Event: 6.041 Executing VM operation: HandshakeAllThreads (Deoptimize)
Event: 6.041 Executing VM operation: HandshakeAllThreads (Deoptimize) done
Event: 6.044 Executing VM operation: HandshakeAllThreads (Deoptimize)
Event: 6.044 Executing VM operation: HandshakeAllThreads (Deoptimize) done
Event: 6.045 Executing VM operation: HandshakeAllThreads (Deoptimize)
Event: 6.045 Executing VM operation: HandshakeAllThreads (Deoptimize) done

Memory protections (0 events):
No events

Nmethod flushes (20 events):
Event: 5.010 Thread 0x0000018c8c02fc90 flushing  nmethod 0x0000018cedb32010
Event: 5.010 Thread 0x0000018c8c02fc90 flushing  nmethod 0x0000018cedb5fa10
Event: 5.010 Thread 0x0000018c8c02fc90 flushing  nmethod 0x0000018cedb60990
Event: 5.010 Thread 0x0000018c8c02fc90 flushing  nmethod 0x0000018cedb61910
Event: 5.010 Thread 0x0000018c8c02fc90 flushing  nmethod 0x0000018cedb62910
Event: 5.010 Thread 0x0000018c8c02fc90 flushing  nmethod 0x0000018cedba1190
Event: 5.010 Thread 0x0000018c8c02fc90 flushing  nmethod 0x0000018cedba1510
Event: 5.010 Thread 0x0000018c8c02fc90 flushing  nmethod 0x0000018cedbaaf90
Event: 5.010 Thread 0x0000018c8c02fc90 flushing  nmethod 0x0000018cedbc1c10
Event: 5.010 Thread 0x0000018c8c02fc90 flushing  nmethod 0x0000018cedbe7b90
Event: 5.010 Thread 0x0000018c8c02fc90 flushing  nmethod 0x0000018cedbeb490
Event: 5.010 Thread 0x0000018c8c02fc90 flushing  nmethod 0x0000018cedbed890
Event: 5.010 Thread 0x0000018c8c02fc90 flushing  nmethod 0x0000018cedbf5210
Event: 5.010 Thread 0x0000018c8c02fc90 flushing  nmethod 0x0000018cedbf8210
Event: 5.010 Thread 0x0000018c8c02fc90 flushing  nmethod 0x0000018cedc0b510
Event: 5.010 Thread 0x0000018c8c02fc90 flushing  nmethod 0x0000018cedc0e010
Event: 5.010 Thread 0x0000018c8c02fc90 flushing  nmethod 0x0000018cedc15710
Event: 5.010 Thread 0x0000018c8c02fc90 flushing  nmethod 0x0000018cedc5f210
Event: 5.010 Thread 0x0000018c8c02fc90 flushing  nmethod 0x0000018cedc8ff90
Event: 5.010 Thread 0x0000018c8c02fc90 flushing  nmethod 0x0000018cedce3210

Events (20 events):
Event: 0.551 Thread 0x0000018c8c0a3d40 Thread added: 0x0000018c8c560f70
Event: 0.831 Thread 0x0000018c8c582640 Thread exited: 0x0000018c8c582640
Event: 0.831 Thread 0x0000018c8c560f70 Thread exited: 0x0000018c8c560f70
Event: 0.884 Thread 0x0000018c8c266400 Thread added: 0x0000018c8c8dfcc0
Event: 0.885 Thread 0x0000018c8c266400 Thread added: 0x0000018c8c8e0370
Event: 1.504 Loaded shared library C:\Program Files\Android\Android Studio\jbr\bin\management.dll
Event: 1.531 Loaded shared library C:\Program Files\Android\Android Studio\jbr\bin\management_ext.dll
Event: 2.296 Thread 0x0000018c8c8e0370 Thread exited: 0x0000018c8c8e0370
Event: 3.070 Thread 0x0000018c8c266400 Thread added: 0x0000018c8d24f270
Event: 4.475 Thread 0x0000018c8d24f270 Thread exited: 0x0000018c8d24f270
Event: 4.488 Thread 0x0000018c8c0a95b0 Thread added: 0x0000018c8df57c30
Event: 4.529 Thread 0x0000018c8c0a3d40 Thread added: 0x0000018c8d94f800
Event: 4.529 Thread 0x0000018c8c0a3d40 Thread added: 0x0000018c8ecb21c0
Event: 4.578 Thread 0x0000018c8c0a95b0 Thread added: 0x0000018c8de1dd90
Event: 4.586 Thread 0x0000018c8c0a95b0 Thread added: 0x0000018c8e840c90
Event: 4.587 Thread 0x0000018c8c0a95b0 Thread added: 0x0000018c8e841340
Event: 4.587 Thread 0x0000018c8c0a95b0 Thread added: 0x0000018c8ecb2870
Event: 4.589 Thread 0x0000018c8c0a3d40 Thread added: 0x0000018c8ecb3730
Event: 5.419 Thread 0x0000018c8ecb3730 Thread exited: 0x0000018c8ecb3730
Event: 5.808 Thread 0x0000018c8ecb2870 Thread exited: 0x0000018c8ecb2870


Dynamic libraries:
0x00007ff7ae4e0000 - 0x00007ff7ae4ea000 	C:\Program Files\Android\Android Studio\jbr\bin\java.exe
0x00007ff894040000 - 0x00007ff8942a7000 	C:\Windows\SYSTEM32\ntdll.dll
0x00007ff8927a0000 - 0x00007ff892869000 	C:\Windows\System32\KERNEL32.DLL
0x00007ff8913c0000 - 0x00007ff8917af000 	C:\Windows\System32\KERNELBASE.dll
0x00007ff8919a0000 - 0x00007ff891aeb000 	C:\Windows\System32\ucrtbase.dll
0x00007ff88e490000 - 0x00007ff88e4a8000 	C:\Program Files\Android\Android Studio\jbr\bin\jli.dll
0x00007ff892f20000 - 0x00007ff8930e5000 	C:\Windows\System32\USER32.dll
0x00007ff891190000 - 0x00007ff8911b7000 	C:\Windows\System32\win32u.dll
0x00007ff892770000 - 0x00007ff89279b000 	C:\Windows\System32\GDI32.dll
0x00007ff891870000 - 0x00007ff89199c000 	C:\Windows\System32\gdi32full.dll
0x00007ff8917c0000 - 0x00007ff891863000 	C:\Windows\System32\msvcp_win.dll
0x00007ff88b2a0000 - 0x00007ff88b2bb000 	C:\Program Files\Android\Android Studio\jbr\bin\VCRUNTIME140.dll
0x00007ff8722f0000 - 0x00007ff872583000 	C:\Windows\WinSxS\amd64_microsoft.windows.common-controls_6595b64144ccf1df_6.0.26100.7309_none_3e05feeae336a044\COMCTL32.dll
0x00007ff892030000 - 0x00007ff8920d9000 	C:\Windows\System32\msvcrt.dll
0x00007ff893f40000 - 0x00007ff893f71000 	C:\Windows\System32\IMM32.DLL
0x00007ff88aaf0000 - 0x00007ff88aafc000 	C:\Program Files\Android\Android Studio\jbr\bin\vcruntime140_1.dll
0x00007ff865cd0000 - 0x00007ff865d5d000 	C:\Program Files\Android\Android Studio\jbr\bin\msvcp140.dll
0x00007fffab8a0000 - 0x00007fffac52e000 	C:\Program Files\Android\Android Studio\jbr\bin\server\jvm.dll
0x00007ff892bc0000 - 0x00007ff892c74000 	C:\Windows\System32\ADVAPI32.dll
0x00007ff893e90000 - 0x00007ff893f36000 	C:\Windows\System32\sechost.dll
0x00007ff892c80000 - 0x00007ff892d98000 	C:\Windows\System32\RPCRT4.dll
0x00007ff893f80000 - 0x00007ff893ff4000 	C:\Windows\System32\WS2_32.dll
0x00007ff8827e0000 - 0x00007ff882815000 	C:\Windows\SYSTEM32\WINMM.dll
0x00007ff88eac0000 - 0x00007ff88eacb000 	C:\Windows\SYSTEM32\VERSION.dll
0x00007ff890ff0000 - 0x00007ff89104e000 	C:\Windows\SYSTEM32\POWRPROF.dll
0x00007ff890fd0000 - 0x00007ff890fe4000 	C:\Windows\SYSTEM32\UMPDC.dll
0x00007ff88ff40000 - 0x00007ff88ff5b000 	C:\Windows\SYSTEM32\kernel.appcore.dll
0x00007ff8891f0000 - 0x00007ff8891fa000 	C:\Program Files\Android\Android Studio\jbr\bin\jimage.dll
0x00007ff88dc10000 - 0x00007ff88de52000 	C:\Windows\SYSTEM32\DBGHELP.DLL
0x00007ff8923e0000 - 0x00007ff892765000 	C:\Windows\System32\combase.dll
0x00007ff892a50000 - 0x00007ff892b26000 	C:\Windows\System32\OLEAUT32.dll
0x00007ff875040000 - 0x00007ff87507c000 	C:\Windows\SYSTEM32\dbgcore.DLL
0x00007ff891d30000 - 0x00007ff891dd5000 	C:\Windows\System32\bcryptPrimitives.dll
0x00007ff8825c0000 - 0x00007ff8825e0000 	C:\Program Files\Android\Android Studio\jbr\bin\java.dll
0x00007ff86d9b0000 - 0x00007ff86d9c8000 	C:\Program Files\Android\Android Studio\jbr\bin\zip.dll
0x00007ff893580000 - 0x00007ff893cd3000 	C:\Windows\System32\SHELL32.dll
0x00007ff8911c0000 - 0x00007ff89132a000 	C:\Windows\System32\wintypes.dll
0x00007ff88ed60000 - 0x00007ff88f5be000 	C:\Windows\SYSTEM32\windows.storage.dll
0x00007ff892da0000 - 0x00007ff892e95000 	C:\Windows\System32\SHCORE.dll
0x00007ff891f70000 - 0x00007ff891fd6000 	C:\Windows\System32\shlwapi.dll
0x00007ff8910b0000 - 0x00007ff8910d9000 	C:\Windows\SYSTEM32\profapi.dll
0x00007ff8891e0000 - 0x00007ff8891f0000 	C:\Program Files\Android\Android Studio\jbr\bin\net.dll
0x00007ff88b0e0000 - 0x00007ff88b208000 	C:\Windows\SYSTEM32\WINHTTP.dll
0x00007ff8904b0000 - 0x00007ff89051b000 	C:\Windows\system32\mswsock.dll
0x00007ff86b1e0000 - 0x00007ff86b1f6000 	C:\Program Files\Android\Android Studio\jbr\bin\nio.dll
0x00007ff8890b0000 - 0x00007ff8890b9000 	C:\Program Files\Android\Android Studio\jbr\bin\management.dll
0x00007ff8825b0000 - 0x00007ff8825bb000 	C:\Program Files\Android\Android Studio\jbr\bin\management_ext.dll
0x00007ff891de0000 - 0x00007ff891de8000 	C:\Windows\System32\PSAPI.DLL
0x00007ff86d9e0000 - 0x00007ff86d9f0000 	C:\Program Files\Android\Android Studio\jbr\bin\verify.dll

dbghelp: loaded successfully - version: 4.0.5 - missing functions: none
symbol engine: initialized successfully - sym options: 0x614 - pdb path: .;C:\Program Files\Android\Android Studio\jbr\bin;C:\Windows\SYSTEM32;C:\Windows\WinSxS\amd64_microsoft.windows.common-controls_6595b64144ccf1df_6.0.26100.7309_none_3e05feeae336a044;C:\Program Files\Android\Android Studio\jbr\bin\server

VM Arguments:
java_command: org.jetbrains.kotlin.cli.jvm.K2JVMCompiler @D:\Flutter_projects\surveyor-main\build\share_plus\20251225_52101196154504581.compiler.options
java_class_path (initial): C:\Users\Krish Busa\.gradle\caches\modules-2\files-2.1\org.jetbrains.kotlin\kotlin-compiler-embeddable\2.2.20\bb8331b7585e36ea311825b01a1c06860c055fd1\kotlin-compiler-embeddable-2.2.20.jar;C:\Users\Krish Busa\.gradle\caches\modules-2\files-2.1\org.jetbrains.kotlin\kotlin-stdlib\2.2.20\5380b19fa1924399b62ce3a1faffebb2b4f82272\kotlin-stdlib-2.2.20.jar;C:\Users\Krish Busa\.gradle\caches\modules-2\files-2.1\org.jetbrains.kotlin\kotlin-script-runtime\2.2.20\4c679cbeac0bb583b75c3a080013da8eaf240807\kotlin-script-runtime-2.2.20.jar;C:\Users\Krish Busa\.gradle\caches\modules-2\files-2.1\org.jetbrains.kotlin\kotlin-reflect\1.6.10\1cbe9c92c12a94eea200d23c2bbaedaf3daf5132\kotlin-reflect-1.6.10.jar;C:\Users\Krish Busa\.gradle\caches\modules-2\files-2.1\org.jetbrains.kotlin\kotlin-daemon-embeddable\2.2.20\feff12d48d7f1eb628742b0a721395e16f8755bf\kotlin-daemon-embeddable-2.2.20.jar;C:\Users\Krish Busa\.gradle\caches\modules-2\files-2.1\org.jetbrains.kotlinx\kotlinx-coroutines-core-jvm\1.8.0\ac1dc37a30a93150b704022f8d895ee1bd3a36b3\kotlinx-coroutines-core-jvm-1.8.0.jar;C:\Users\Krish Busa\.gradle\caches\modules-2\files-2.1\org.jetbrains\annotations\13.0\919f0dfe192fb4e063e7dacadee7f8bb9a2672a9\annotations-13.0.jar
Launcher Type: SUN_STANDARD

[Global flags]
     intx CICompilerCount                          = 12                                        {product} {ergonomic}
     uint ConcGCThreads                            = 3                                         {product} {ergonomic}
     uint G1ConcRefinementThreads                  = 13                                        {product} {ergonomic}
   size_t G1HeapRegionSize                         = 4194304                                   {product} {ergonomic}
    uintx GCDrainStackTargetSize                   = 64                                        {product} {ergonomic}
   size_t InitialHeapSize                          = 398458880                                 {product} {ergonomic}
   size_t MarkStackSize                            = 4194304                                   {product} {ergonomic}
   size_t MaxHeapSize                              = 6362759168                                {product} {ergonomic}
   size_t MaxNewSize                               = 3816816640                                {product} {ergonomic}
   size_t MinHeapDeltaBytes                        = 4194304                                   {product} {ergonomic}
   size_t MinHeapSize                              = 8388608                                   {product} {ergonomic}
    uintx NonNMethodCodeHeapSize                   = 7602480                                {pd product} {ergonomic}
    uintx NonProfiledCodeHeapSize                  = 122027880                              {pd product} {ergonomic}
    uintx ProfiledCodeHeapSize                     = 122027880                              {pd product} {ergonomic}
    uintx ReservedCodeCacheSize                    = 251658240                              {pd product} {ergonomic}
     bool SegmentedCodeCache                       = true                                      {product} {ergonomic}
   size_t SoftMaxHeapSize                          = 6362759168                             {manageable} {ergonomic}
     bool UseCompressedOops                        = true                           {product lp64_product} {ergonomic}
     bool UseG1GC                                  = true                                      {product} {ergonomic}
     bool UseLargePagesIndividualAllocation        = false                                  {pd product} {ergonomic}

Logging:
Log output configuration:
 #0: stdout all=warning uptime,level,tags foldmultilines=false
 #1: stderr all=off uptime,level,tags foldmultilines=false

Environment Variables:
JAVA_HOME=C:\Program Files\Android\Android Studio\jbr
CLASSPATH=D:\Flutter_projects\surveyor-main\android\\gradle\wrapper\gradle-wrapper.jar
PATH=C:\Program Files\Android\Android Studio\jbr\bin;C:\Program Files (x86)\Common Files\Oracle\Java\java8path;C:\Program Files (x86)\Common Files\Oracle\Java\javapath;C:\Windows\system32;C:\Windows;C:\Windows\System32\Wbem;C:\Windows\System32\WindowsPowerShell\v1.0\;C:\Windows\System32\OpenSSH\;C:\Program Files (x86)\NVIDIA Corporation\PhysX\Common;C:\Program Files\NVIDIA Corporation\NVIDIA App\NvDLISR;C:\Program Files\Git\cmd;C:\Users\Krish Busa\AppData\Local\Microsoft\WindowsApps;C:\src\flutter;C:\src\jdk-25\bin;C:\src\flutter\bin;C:\Users\Krish Busa\Downloads\jdk-21.0.7_windows-x64_bin\jdk-21.0.7\bin;C:\Users\Krish Busa\AppData\Local\Programs\Microsoft VS Code\bin;D:\Qoder\bin;C:\Users\Krish Busa\AppData\Local\GitHubDesktop\bin;C:\Users\Krish Busa\AppData\Local\Programs\Antigravity\bin;D:\nao\bin;C:\src\flutter\bin\mingit\cmd
USERNAME=Krish Busa
OS=Windows_NT
PROCESSOR_IDENTIFIER=AMD64 Family 25 Model 68 Stepping 1, AuthenticAMD
TMP=C:\Users\KRISHB~1\AppData\Local\Temp
TEMP=C:\Users\KRISHB~1\AppData\Local\Temp




Periodic native trim disabled

JNI global refs:
JNI global refs: 21, weak refs: 0

JNI global refs memory usage: 835, weak refs: 833

Process memory usage:
Resident Set Size: 315036K (1% of 24842968K total physical memory with 1979172K free physical memory)

OOME stack traces (most recent first):
Classloader memory used:
Loader jdk.internal.loader.ClassLoaders$AppClassLoader                                 : 44160K
Loader bootstrap                                                                       : 11020K

---------------  S Y S T E M  ---------------

OS:
 Windows 11 , 64 bit Build 26100 (10.0.26100.7309)
OS uptime: 13 days 2:35 hours
Hyper-V role detected

CPU: total 16 (initial active 16) (16 cores per cpu, 2 threads per core) family 25 model 68 stepping 1 microcode 0xa40410a, cx8, cmov, fxsr, ht, mmx, 3dnowpref, sse, sse2, sse3, ssse3, sse4a, sse4.1, sse4.2, popcnt, lzcnt, tsc, tscinvbit, avx, avx2, aes, erms, clmul, bmi1, bmi2, adx, sha, fma, vzeroupper, clflush, clflushopt, hv, rdtscp, rdpid, fsrm, f16c, cet_ss
Processor Information for the first 16 processors :
  Max Mhz: 3100, Current Mhz: 3100, Mhz Limit: 3100

Memory: 4k page, system-wide physical 24260M (1934M free)
TotalPageFile size 34003M (AvailPageFile size 7M)
current process WorkingSet (physical memory assigned to process): 308M, peak: 308M
current process commit charge ("private bytes"): 440M, peak: 501M

vm_info: OpenJDK 64-Bit Server VM (21.0.7+-13880790-b1038.58) for windows-amd64 JRE (21.0.7+-13880790-b1038.58), built on 2025-08-04T20:56:21Z by "builder" with MS VC++ 16.10 / 16.11 (VS2019)

END.
