#
# There is insufficient memory for the Java Runtime Environment to continue.
# Native memory allocation (mmap) failed to map 398458880 bytes. Error detail: G1 virtual space
# Possible reasons:
#   The system is out of physical RAM or swap space
#   This process is running with CompressedOops enabled, and the Java Heap may be blocking the growth of the native heap
# Possible solutions:
#   Reduce memory load on the system
#   Increase physical memory or swap space
#   Check if swap backing store is full
#   Decrease Java heap size (-Xmx/-Xms)
#   Decrease number of Java threads
#   Decrease Java thread stack sizes (-Xss)
#   Set larger code cache with -XX:ReservedCodeCacheSize=
#   JVM is running with Zero Based Compressed Oops mode in which the Java heap is
#     placed in the first 32GB address space. The Java Heap base address is the
#     maximum limit for the native heap growth. Please use -XX:HeapBaseMinAddress
#     to set the Java Heap base and to place the Java Heap above 32GB virtual address.
# This output file may be truncated or incomplete.
#
#  Out of Memory Error (os_windows.cpp:3898), pid=12736, tid=28564
#
# JRE version:  (21.0.7) (build )
# Java VM: OpenJDK 64-Bit Server VM (21.0.7+-13880790-b1038.58, mixed mode, sharing, tiered, compressed oops, compressed class ptrs, g1 gc, windows-amd64)
# No core dump will be written. Minidumps are not enabled by default on client versions of Windows
#

---------------  S U M M A R Y ------------

Command Line: org.jetbrains.kotlin.cli.jvm.K2JVMCompiler @D:\Flutter_projects\surveyor-main\build\shared_preferences_android\20251225_12901686153870600373.compiler.options

Host: AMD Ryzen 7 7435HS                             , 16 cores, 23G,  Windows 11 , 64 bit Build 26100 (10.0.26100.7309)
Time: Thu Dec 25 12:22:40 2025 India Standard Time elapsed time: 0.029599 seconds (0d 0h 0m 0s)

---------------  T H R E A D  ---------------

Current thread (0x000001dd92873800):  JavaThread "Unknown thread" [_thread_in_vm, id=28564, stack(0x0000003167800000,0x0000003167900000) (1024K)]

Stack: [0x0000003167800000,0x0000003167900000]
Native frames: (J=compiled Java code, j=interpreted, Vv=VM code, C=native code)
V  [jvm.dll+0x6d25c9]
V  [jvm.dll+0x860923]
V  [jvm.dll+0x862e7e]
V  [jvm.dll+0x863563]
V  [jvm.dll+0x27f156]
V  [jvm.dll+0x6ceee5]
V  [jvm.dll+0x6c29aa]
V  [jvm.dll+0x355ebb]
V  [jvm.dll+0x35db16]
V  [jvm.dll+0x3afb16]
V  [jvm.dll+0x3afde8]
V  [jvm.dll+0x32855c]
V  [jvm.dll+0x32924b]
V  [jvm.dll+0x828379]
V  [jvm.dll+0x3bcce8]
V  [jvm.dll+0x811628]
V  [jvm.dll+0x45121e]
V  [jvm.dll+0x452981]
C  [jli.dll+0x52ab]
C  [ucrtbase.dll+0x37b0]
C  [KERNEL32.DLL+0x2e8d7]
C  [ntdll.dll+0x8c53c]


---------------  P R O C E S S  ---------------

Threads class SMR info:
_java_thread_list=0x00007fffac3e4888, length=0, elements={
}

Java Threads: ( => current thread )
Total: 0

Other Threads:
  0x000001dd94c7ca60 WorkerThread "GC Thread#0"                     [id=4112, stack(0x0000003167900000,0x0000003167a00000) (1024K)]
  0x000001dd94c897d0 ConcurrentGCThread "G1 Main Marker"            [id=17660, stack(0x0000003167a00000,0x0000003167b00000) (1024K)]
  0x000001dd94c8b920 WorkerThread "G1 Conc#0"                       [id=42396, stack(0x0000003167b00000,0x0000003167c00000) (1024K)]

[error occurred during error reporting (printing all threads), id 0xc0000005, EXCEPTION_ACCESS_VIOLATION (0xc0000005) at pc=0x00007fffabbdb5b7]
VM state: not at safepoint (not fully initialized)

VM Mutex/Monitor currently owned by a thread:  ([mutex/lock_event])
[0x00007fffac451568] Heap_lock - owner thread: 0x000001dd92873800

Heap address: 0x0000000684c00000, size: 6068 MB, Compressed Oops mode: Zero based, Oop shift amount: 3

CDS archive(s) mapped at: [0x0000000000000000-0x0000000000000000-0x0000000000000000), size 0, SharedBaseAddress: 0x0000000800000000, ArchiveRelocationMode: 1.
Narrow klass base: 0x0000000000000000, Narrow klass shift: 0, Narrow klass range: 0x0

GC Precious Log:
 CardTable entry size: 512
 Card Set container configuration: InlinePtr #cards 4 size 8 Array Of Cards #cards 32 size 80 Howl #buckets 8 coarsen threshold 7372 Howl Bitmap #cards 1024 size 144 coarsen threshold 921 Card regions per heap region 1 cards per card region 8192

Heap:
 garbage-first heap   total 0K, used 0K [0x0000000684c00000, 0x0000000800000000)
  region size 4096K, 0 young (0K), 0 survivors (0K)
 Metaspace       used 0K, committed 0K, reserved 0K
  class space    used 0K, committed 0K, reserved 0K

Heap Regions: E=young(eden), S=young(survivor), O=old, HS=humongous(starts), HC=humongous(continues), CS=collection set, F=free, TAMS=top-at-mark-start, PB=parsable bottom

Card table byte_map: [0x000001dda81b0000,0x000001dda8d90000] _byte_map_base: 0x000001dda4d8a000

Marking Bits: (CMBitMap*) 0x000001dd94c7d160
 Bits: [0x000001dda8d90000, 0x000001ddaec60000)

GC Heap History (0 events):
No events

Dll operation events (1 events):
Event: 0.008 Loaded shared library C:\Program Files\Android\Android Studio\jbr\bin\java.dll

Deoptimization events (0 events):
No events

Classes loaded (0 events):
No events

Classes unloaded (0 events):
No events

Classes redefined (0 events):
No events

Internal exceptions (0 events):
No events

ZGC Phase Switch (0 events):
No events

VM Operations (0 events):
No events

Memory protections (0 events):
No events

Nmethod flushes (0 events):
No events

Events (0 events):
No events


Dynamic libraries:
0x00007ff7ae4e0000 - 0x00007ff7ae4ea000 	C:\Program Files\Android\Android Studio\jbr\bin\java.exe
0x00007ff894040000 - 0x00007ff8942a7000 	C:\Windows\SYSTEM32\ntdll.dll
0x00007ff8927a0000 - 0x00007ff892869000 	C:\Windows\System32\KERNEL32.DLL
0x00007ff8913c0000 - 0x00007ff8917af000 	C:\Windows\System32\KERNELBASE.dll
0x00007ff8919a0000 - 0x00007ff891aeb000 	C:\Windows\System32\ucrtbase.dll
0x00007ff88e490000 - 0x00007ff88e4a8000 	C:\Program Files\Android\Android Studio\jbr\bin\jli.dll
0x00007ff88b2a0000 - 0x00007ff88b2bb000 	C:\Program Files\Android\Android Studio\jbr\bin\VCRUNTIME140.dll
0x00007ff892f20000 - 0x00007ff8930e5000 	C:\Windows\System32\USER32.dll
0x00007ff891190000 - 0x00007ff8911b7000 	C:\Windows\System32\win32u.dll
0x00007ff8722f0000 - 0x00007ff872583000 	C:\Windows\WinSxS\amd64_microsoft.windows.common-controls_6595b64144ccf1df_6.0.26100.7309_none_3e05feeae336a044\COMCTL32.dll
0x00007ff892770000 - 0x00007ff89279b000 	C:\Windows\System32\GDI32.dll
0x00007ff892030000 - 0x00007ff8920d9000 	C:\Windows\System32\msvcrt.dll
0x00007ff891870000 - 0x00007ff89199c000 	C:\Windows\System32\gdi32full.dll
0x00007ff8917c0000 - 0x00007ff891863000 	C:\Windows\System32\msvcp_win.dll
0x00007ff893f40000 - 0x00007ff893f71000 	C:\Windows\System32\IMM32.DLL
0x00007ff88aaf0000 - 0x00007ff88aafc000 	C:\Program Files\Android\Android Studio\jbr\bin\vcruntime140_1.dll
0x00007ff865cd0000 - 0x00007ff865d5d000 	C:\Program Files\Android\Android Studio\jbr\bin\msvcp140.dll
0x00007fffab8a0000 - 0x00007fffac52e000 	C:\Program Files\Android\Android Studio\jbr\bin\server\jvm.dll
0x00007ff892bc0000 - 0x00007ff892c74000 	C:\Windows\System32\ADVAPI32.dll
0x00007ff893e90000 - 0x00007ff893f36000 	C:\Windows\System32\sechost.dll
0x00007ff892c80000 - 0x00007ff892d98000 	C:\Windows\System32\RPCRT4.dll
0x00007ff893f80000 - 0x00007ff893ff4000 	C:\Windows\System32\WS2_32.dll
0x00007ff890ff0000 - 0x00007ff89104e000 	C:\Windows\SYSTEM32\POWRPROF.dll
0x00007ff88eac0000 - 0x00007ff88eacb000 	C:\Windows\SYSTEM32\VERSION.dll
0x00007ff8827e0000 - 0x00007ff882815000 	C:\Windows\SYSTEM32\WINMM.dll
0x00007ff890fd0000 - 0x00007ff890fe4000 	C:\Windows\SYSTEM32\UMPDC.dll
0x00007ff88ff40000 - 0x00007ff88ff5b000 	C:\Windows\SYSTEM32\kernel.appcore.dll
0x00007ff8891f0000 - 0x00007ff8891fa000 	C:\Program Files\Android\Android Studio\jbr\bin\jimage.dll
0x00007ff88dc10000 - 0x00007ff88de52000 	C:\Windows\SYSTEM32\DBGHELP.DLL
0x00007ff8923e0000 - 0x00007ff892765000 	C:\Windows\System32\combase.dll
0x00007ff892a50000 - 0x00007ff892b26000 	C:\Windows\System32\OLEAUT32.dll
0x00007ff875040000 - 0x00007ff87507c000 	C:\Windows\SYSTEM32\dbgcore.DLL
0x00007ff891d30000 - 0x00007ff891dd5000 	C:\Windows\System32\bcryptPrimitives.dll
0x00007ff8825c0000 - 0x00007ff8825e0000 	C:\Program Files\Android\Android Studio\jbr\bin\java.dll

dbghelp: loaded successfully - version: 4.0.5 - missing functions: none
symbol engine: initialized successfully - sym options: 0x614 - pdb path: .;C:\Program Files\Android\Android Studio\jbr\bin;C:\Windows\SYSTEM32;C:\Windows\WinSxS\amd64_microsoft.windows.common-controls_6595b64144ccf1df_6.0.26100.7309_none_3e05feeae336a044;C:\Program Files\Android\Android Studio\jbr\bin\server

VM Arguments:
java_command: org.jetbrains.kotlin.cli.jvm.K2JVMCompiler @D:\Flutter_projects\surveyor-main\build\shared_preferences_android\20251225_12901686153870600373.compiler.options
java_class_path (initial): C:\Users\Krish Busa\.gradle\caches\modules-2\files-2.1\org.jetbrains.kotlin\kotlin-compiler-embeddable\2.2.20\bb8331b7585e36ea311825b01a1c06860c055fd1\kotlin-compiler-embeddable-2.2.20.jar;C:\Users\Krish Busa\.gradle\caches\modules-2\files-2.1\org.jetbrains.kotlin\kotlin-stdlib\2.2.20\5380b19fa1924399b62ce3a1faffebb2b4f82272\kotlin-stdlib-2.2.20.jar;C:\Users\Krish Busa\.gradle\caches\modules-2\files-2.1\org.jetbrains.kotlin\kotlin-script-runtime\2.2.20\4c679cbeac0bb583b75c3a080013da8eaf240807\kotlin-script-runtime-2.2.20.jar;C:\Users\Krish Busa\.gradle\caches\modules-2\files-2.1\org.jetbrains.kotlin\kotlin-reflect\1.6.10\1cbe9c92c12a94eea200d23c2bbaedaf3daf5132\kotlin-reflect-1.6.10.jar;C:\Users\Krish Busa\.gradle\caches\modules-2\files-2.1\org.jetbrains.kotlin\kotlin-daemon-embeddable\2.2.20\feff12d48d7f1eb628742b0a721395e16f8755bf\kotlin-daemon-embeddable-2.2.20.jar;C:\Users\Krish Busa\.gradle\caches\modules-2\files-2.1\org.jetbrains.kotlinx\kotlinx-coroutines-core-jvm\1.8.0\ac1dc37a30a93150b704022f8d895ee1bd3a36b3\kotlinx-coroutines-core-jvm-1.8.0.jar;C:\Users\Krish Busa\.gradle\caches\modules-2\files-2.1\org.jetbrains\annotations\13.0\919f0dfe192fb4e063e7dacadee7f8bb9a2672a9\annotations-13.0.jar
Launcher Type: SUN_STANDARD

[Global flags]
     intx CICompilerCount                          = 12                                        {product} {ergonomic}
     uint ConcGCThreads                            = 3                                         {product} {ergonomic}
     uint G1ConcRefinementThreads                  = 13                                        {product} {ergonomic}
   size_t G1HeapRegionSize                         = 4194304                                   {product} {ergonomic}
    uintx GCDrainStackTargetSize                   = 64                                        {product} {ergonomic}
   size_t InitialHeapSize                          = 398458880                                 {product} {ergonomic}
   size_t MarkStackSize                            = 4194304                                   {product} {ergonomic}
   size_t MaxHeapSize                              = 6362759168                                {product} {ergonomic}
   size_t MinHeapDeltaBytes                        = 4194304                                   {product} {ergonomic}
   size_t MinHeapSize                              = 8388608                                   {product} {ergonomic}
    uintx NonNMethodCodeHeapSize                   = 7602480                                {pd product} {ergonomic}
    uintx NonProfiledCodeHeapSize                  = 122027880                              {pd product} {ergonomic}
    uintx ProfiledCodeHeapSize                     = 122027880                              {pd product} {ergonomic}
    uintx ReservedCodeCacheSize                    = 251658240                              {pd product} {ergonomic}
     bool SegmentedCodeCache                       = true                                      {product} {ergonomic}
   size_t SoftMaxHeapSize                          = 6362759168                             {manageable} {ergonomic}
     bool UseCompressedOops                        = true                           {product lp64_product} {ergonomic}
     bool UseG1GC                                  = true                                      {product} {ergonomic}
     bool UseLargePagesIndividualAllocation        = false                                  {pd product} {ergonomic}

Logging:
Log output configuration:
 #0: stdout all=warning uptime,level,tags foldmultilines=false
 #1: stderr all=off uptime,level,tags foldmultilines=false

Environment Variables:
JAVA_HOME=C:\Program Files\Android\Android Studio\jbr
CLASSPATH=D:\Flutter_projects\surveyor-main\android\\gradle\wrapper\gradle-wrapper.jar
PATH=C:\Program Files\Android\Android Studio\jbr\bin;C:\Program Files (x86)\Common Files\Oracle\Java\java8path;C:\Program Files (x86)\Common Files\Oracle\Java\javapath;C:\Windows\system32;C:\Windows;C:\Windows\System32\Wbem;C:\Windows\System32\WindowsPowerShell\v1.0\;C:\Windows\System32\OpenSSH\;C:\Program Files (x86)\NVIDIA Corporation\PhysX\Common;C:\Program Files\NVIDIA Corporation\NVIDIA App\NvDLISR;C:\Program Files\Git\cmd;C:\Users\Krish Busa\AppData\Local\Microsoft\WindowsApps;C:\src\flutter;C:\src\jdk-25\bin;C:\src\flutter\bin;C:\Users\Krish Busa\Downloads\jdk-21.0.7_windows-x64_bin\jdk-21.0.7\bin;C:\Users\Krish Busa\AppData\Local\Programs\Microsoft VS Code\bin;D:\Qoder\bin;C:\Users\Krish Busa\AppData\Local\GitHubDesktop\bin;C:\Users\Krish Busa\AppData\Local\Programs\Antigravity\bin;D:\nao\bin;C:\src\flutter\bin\mingit\cmd
USERNAME=Krish Busa
OS=Windows_NT
PROCESSOR_IDENTIFIER=AMD64 Family 25 Model 68 Stepping 1, AuthenticAMD
TMP=C:\Users\KRISHB~1\AppData\Local\Temp
TEMP=C:\Users\KRISHB~1\AppData\Local\Temp




Periodic native trim disabled

JNI global refs:
JNI global refs: 0, weak refs: 0

JNI global refs memory usage: 0, weak refs: 0

Process memory usage:
Resident Set Size: 13704K (0% of 24842968K total physical memory with 1820780K free physical memory)

OOME stack traces (most recent first):
Classloader memory used:

---------------  S Y S T E M  ---------------

OS:
 Windows 11 , 64 bit Build 26100 (10.0.26100.7309)
OS uptime: 13 days 2:55 hours
Hyper-V role detected

CPU: total 16 (initial active 16) (16 cores per cpu, 2 threads per core) family 25 model 68 stepping 1 microcode 0xa40410a, cx8, cmov, fxsr, ht, mmx, 3dnowpref, sse, sse2, sse3, ssse3, sse4a, sse4.1, sse4.2, popcnt, lzcnt, tsc, tscinvbit, avx, avx2, aes, erms, clmul, bmi1, bmi2, adx, sha, fma, vzeroupper, clflush, clflushopt, hv, rdtscp, rdpid, fsrm, f16c, cet_ss
Processor Information for the first 16 processors :
  Max Mhz: 3100, Current Mhz: 3100, Mhz Limit: 3100

Memory: 4k page, system-wide physical 24260M (1778M free)
TotalPageFile size 33792M (AvailPageFile size 118M)
current process WorkingSet (physical memory assigned to process): 13M, peak: 13M
current process commit charge ("private bytes"): 70M, peak: 450M

vm_info: OpenJDK 64-Bit Server VM (21.0.7+-13880790-b1038.58) for windows-amd64 JRE (21.0.7+-13880790-b1038.58), built on 2025-08-04T20:56:21Z by "builder" with MS VC++ 16.10 / 16.11 (VS2019)

END.
